Latest entry in CSV: 2025-11-09 09:29:13.455047+00:00
Starting AIS stream monitoring for 0.001 minutes...
Monitoring MMSI(s): 244528000
Time threshold: 0.15 hour(s)
Start time: 2025-11-09 10:00:06.518883+00:00
0.001 minutes elapsed. Stopping stream.
Maximum duration reached. Going for fallback solution...
Step 1: Extracting coordinates from map...
✓ Coordinates extracted: 43.36813, -8.381027099999999

Step 2: Extracting ship details...

============================================================
✓ FALLBACK SUCCESS - Complete Ship Data:
============================================================
[2025-11-09T10:58:00+01:00] MMSI: 244528000, Lat: 43.36813, Lon: -8.38103, SOG: 0.0, Nav Status: 1
[2025-11-09T10:58:00+01:00] MMSI: 244528000, Lat: 43.36813, Lon: -8.38103, SOG: 0.0, Nav Status: 1
Retrieving weather data...
Wetter: Überwiegend klar, Temp: 14.6°C, Wind: 17.3 km/h
Skipping entry: Current vessel not moving and latest entry was also stopped/anchored
GeoJSON saved to ship_tracks.geojson
GeoJSON saved to ship_position.geojson
